[17552:3240:0612/122220.846:WARNING:chrome_main_delegate.cc(742)] This is Chrome version 125.0.6422.142 (not a warning)
[17552:3240:0612/122221.885:INFO:chrome_browser_cloud_management_controller.cc(168)] Starting CBCM Controller Initialization
[17552:3240:0612/122221.885:INFO:chrome_browser_cloud_management_controller.cc(196)] No machine level policy manager exists.
[17552:3240:0612/122222.210:WARNING:browser_management_service.cc(128)] EnterpriseLogoUrl fetch failed with error code -1 and MIME type 
[17552:3240:0612/122236.987:INFO:CONSOLE(0)] "Error with Permissions-Policy header: Unrecognized feature: 'battery'.", source:  (0)
[17552:3240:0612/122236.988:INFO:CONSOLE(0)] "Error with Permissions-Policy header: Origin trial controlled feature not enabled: 'interest-cohort'.", source:  (0)
[17552:3240:0612/122236.988:INFO:CONSOLE(0)] "Error with Permissions-Policy header: Origin trial controlled feature not enabled: 'shared-storage'.", source:  (0)
[17552:3240:0612/122236.988:INFO:CONSOLE(0)] "Error with Permissions-Policy header: Origin trial controlled feature not enabled: 'shared-storage-select-url'.", source:  (0)
[17552:3240:0612/122236.988:INFO:CONSOLE(0)] "Error with Permissions-Policy header: Unrecognized feature: 'usb-unrestricted'.", source:  (0)
[12164:18232:0612/122237.019:ERROR:shared_image_manager.cc(225)] SharedImageManager::ProduceSkia: Trying to Produce a Skia representation from a non-existent mailbox.
[17552:3240:0612/122246.267:INFO:CONSOLE(234)] "
%cStop! font-family:helvetica; font-size:20px; font-size:50px; font-weight:bold; color:red; -webkit-text-stroke:1px black;", source: https://static.cdninstagram.com/rsrc.php/v3/yU/r/uhj14VL_nNB.js?_nc_x=Ij3Wp8lg5Kz (234)
[17552:3240:0612/122246.267:INFO:CONSOLE(234)] "
%cThis is a browser feature intended for developers. If someone told you to copy-paste something here to enable an Instagram feature or "hack" someone's account, it is a scam and will give them access to your Instagram account. font-family:helvetica; font-size:20px; ", source: https://static.cdninstagram.com/rsrc.php/v3/yU/r/uhj14VL_nNB.js?_nc_x=Ij3Wp8lg5Kz (234)
[17552:3240:0612/122246.267:INFO:CONSOLE(234)] "
%cSee https://www.facebook.com/selfxss for more information. font-family:helvetica; font-size:20px; ", source: https://static.cdninstagram.com/rsrc.php/v3/yU/r/uhj14VL_nNB.js?_nc_x=Ij3Wp8lg5Kz (234)
[17552:3240:0612/122246.267:INFO:CONSOLE(234)] "
%c ", source: https://static.cdninstagram.com/rsrc.php/v3/yU/r/uhj14VL_nNB.js?_nc_x=Ij3Wp8lg5Kz (234)
[17552:3240:0612/122247.354:INFO:CONSOLE(0)] "Third-party cookie will be blocked. Learn more in the Issues tab.", source: https://www.instagram.com/ (0)
[17552:3240:0612/122250.282:INFO:CONSOLE(0)] "Error with Permissions-Policy header: Unrecognized feature: 'battery'.", source:  (0)
[17552:3240:0612/122250.282:INFO:CONSOLE(0)] "Error with Permissions-Policy header: Origin trial controlled feature not enabled: 'interest-cohort'.", source:  (0)
[17552:3240:0612/122250.282:INFO:CONSOLE(0)] "Error with Permissions-Policy header: Origin trial controlled feature not enabled: 'shared-storage'.", source:  (0)
[17552:3240:0612/122250.282:INFO:CONSOLE(0)] "Error with Permissions-Policy header: Origin trial controlled feature not enabled: 'shared-storage-select-url'.", source:  (0)
[17552:3240:0612/122250.282:INFO:CONSOLE(0)] "Error with Permissions-Policy header: Unrecognized feature: 'usb-unrestricted'.", source:  (0)
[17552:3240:0612/122250.545:INFO:CONSOLE(0)] "Third-party cookie will be blocked. Learn more in the Issues tab.", source: https://www.instagram.com/ (0)
[17552:3240:0612/122250.622:INFO:CONSOLE(0)] "Third-party cookie will be blocked. Learn more in the Issues tab.", source: https://www.instagram.com/ (0)
[17552:3240:0612/122251.182:INFO:CONSOLE(230)] "Permissions policy violation: unload is not allowed in this document.", source: https://static.xx.fbcdn.net/rsrc.php/v3/yU/r/uhj14VL_nNB.js?_nc_x=Ij3Wp8lg5Kz (230)
[17552:3240:0612/122251.566:INFO:CONSOLE(0)] "Third-party cookie will be blocked. Learn more in the Issues tab.", source: https://www.instagram.com/ (0)
[17552:3240:0612/122251.835:INFO:CONSOLE(0)] "Third-party cookie will be blocked. Learn more in the Issues tab.", source: https://www.instagram.com/ (0)
[17552:3240:0612/122251.835:INFO:CONSOLE(0)] "Third-party cookie will be blocked. Learn more in the Issues tab.", source: https://www.instagram.com/ (0)
[17552:3240:0612/122304.956:INFO:CONSOLE(70)] "ErrorUtils caught an error:

URL is not a relative path and may be routing incorrectly, please update to a relative path :: https://i.instagram.com/rupload_igvideo/fb_uploader_1718175184951

Subsequent non-fatal errors won't be logged; see https://fburl.com/debugjs.", source: https://static.cdninstagram.com/rsrc.php/v3/yU/r/uhj14VL_nNB.js?_nc_x=Ij3Wp8lg5Kz (70)
[17552:3240:0612/122308.435:WARNING:controller_impl.cc(1191)] Background download complete, client: 6, completion type: 0, file size:45187
[17552:3240:0612/122308.477:WARNING:controller_impl.cc(1191)] Background download complete, client: 6, completion type: 0, file size:5158
[17552:3240:0612/122312.676:WARNING:controller_impl.cc(1191)] Background download complete, client: 6, completion type: 0, file size:2747170
[17552:3240:0612/122746.462:INFO:CONSOLE(0)] "Third-party cookie will be blocked. Learn more in the Issues tab.", source: https://www.instagram.com/ (0)
[15644:20292:0612/122810.044:WARNING:sqlite_persistent_store_backend_base.cc(198)] Failed to post task from FlushAndNotifyInBackground@net\extras\sqlite\sqlite_persistent_store_backend_base.cc:247 to client_task_runner_.
[15644:20292:0612/122810.044:WARNING:sqlite_persistent_store_backend_base.cc(198)] Failed to post task from FlushAndNotifyInBackground@net\extras\sqlite\sqlite_persistent_store_backend_base.cc:247 to client_task_runner_.
[17552:3240:0612/122810.115:WARNING:pref_notifier_impl.cc(41)] Pref observer for media_router.cast_allow_all_ips found at shutdown.
